social.are
asgardian.hlp
olc.hlp
rot.are
help.are
mobprg.hlp
sedit.hlp
limbo.are
arena.are
plains.are
ofcol2.are
air.are
shire.are
immort.are
hitower.are
gnome.are
gauntlet.are
wyvern.are
catacomb.are
draconia.are
mahntor.are
midgaard.are
chapel.are
midennir.are
grave.are
school.are
fanatics.are
moria.are
museum.are
eastern.are
thalos.are
mirror.are
ofcol.are
aarak.are
shadows.are
haon.are
dwarven.are
sewer.are
astral.are
valley.are
redferne.are
mega1.are
marsh.are
mirkwood.are
grove.are
dylan.are
canyon.are
newthalos.are
tohell.are
divsouls.are
dark.are
drakyri.are
stonebow.are
sacrifice.are
pirate.are
titan.are
land.are
morgue.are
under2.are
mansion.are
undrwrld.are
harrowh.are
saltmarsh.are
eros.are
fortress.are
temple.are
ffantasy.are
crystal.are
troy.are
objects.are
olympus.are
anon.are
cloudymt.are
elvandar.are
freeport.are
frgotten.are
mutant.are
plords.are
solace.are
empar.are
typhon.are
facademy.are
castlee.are
fields.are
enoch.are
kingdom.are
underpas.are
coastlin.are
forill.are
sabridge.are
blackwtr.are
drvnshld.are
sanudsrt.are
gwoodfor.are
hopefear.are
box.are
badlands.are
mysteria.are
colseum.are
sanctuar.are
hallhero.are
lodoss.are
skycast.are
despair.are
qstuff.are
dcextent.are
zyxsare.are
qland.are
stockmar.are
expanse2.are
iblis2.are
keb.are
cowlevel.are
mprisle.are
airrep.are
fornit.are
aesirdie.are
ghstship.are
trnarena.are
waynwrld.are
questlnd.are
clnstock.are
newclan.are
harb.are
realis.are
questarn.are
qproject.are
dwmines.are
roivas.are
mirage.are
unique.are
random.are
prefixes.are
suffixes.are
breertrn.are
gc.are
traps.are
deadas.are
island1.are
undedfor.are
gametra.are
firerin.are
merfolk.are
ninjadoj.are
ttc.are
fortice.are
floatis.are
coast2.are
qfun.are
spidrcav.are
karzotun.are
athensr.are
gwarren.are
dms.are
towerg.are
dshaft.are
svifneb.are
sunny.are
hhtroll.are
drowc2.are
xmasfun.are
drowc3.are
drowc4.are
drowc5.are
derro.are
$
